Determining if the pthread_create exist failed with the following output:
Change Dir: /home/robond/catkin_ws/src/wall_follower/CMakeFiles/CMakeTmp

Run Build Command:"/usr/bin/make" "cmTC_d315a/fast"
/usr/bin/make -f CMakeFiles/cmTC_d315a.dir/build.make CMakeFiles/cmTC_d315a.dir/build
make[1]: Entering directory '/home/robond/catkin_ws/src/wall_follower/CMakeFiles/CMakeTmp'
Building C object CMakeFiles/cmTC_d315a.dir/CheckSymbolExists.c.o
/usr/bin/cc     -o CMakeFiles/cmTC_d315a.dir/CheckSymbolExists.c.o   -c /home/robond/catkin_ws/src/wall_follower/CMakeFiles/CMakeTmp/CheckSymbolExists.c
Linking C executable cmTC_d315a
/usr/local/bin/cmake -E cmake_link_script CMakeFiles/cmTC_d315a.dir/link.txt --verbose=1
/usr/bin/cc       CMakeFiles/cmTC_d315a.dir/CheckSymbolExists.c.o  -o cmTC_d315a -rdynamic 
CMakeFiles/cmTC_d315a.dir/CheckSymbolExists.c.o: In function `main':
CheckSymbolExists.c:(.text+0x16): undefined reference to `pthread_create'
collect2: error: ld returned 1 exit status
CMakeFiles/cmTC_d315a.dir/build.make:97: recipe for target 'cmTC_d315a' failed
make[1]: *** [cmTC_d315a] Error 1
make[1]: Leaving directory '/home/robond/catkin_ws/src/wall_follower/CMakeFiles/CMakeTmp'
Makefile:126: recipe for target 'cmTC_d315a/fast' failed
make: *** [cmTC_d315a/fast] Error 2

File /home/robond/catkin_ws/src/wall_follower/CMakeFiles/CMakeTmp/CheckSymbolExists.c:
/* */
#include <pthread.h>

int main(int argc, char** argv)
{
  (void)argv;
#ifndef pthread_create
  return ((int*)(&pthread_create))[argc];
#else
  (void)argc;
  return 0;
#endif
}

Determining if the function pthread_create exists in the pthreads failed with the following output:
Change Dir: /home/robond/catkin_ws/src/wall_follower/CMakeFiles/CMakeTmp

Run Build Command:"/usr/bin/make" "cmTC_caabf/fast"
/usr/bin/make -f CMakeFiles/cmTC_caabf.dir/build.make CMakeFiles/cmTC_caabf.dir/build
make[1]: Entering directory '/home/robond/catkin_ws/src/wall_follower/CMakeFiles/CMakeTmp'
Building C object CMakeFiles/cmTC_caabf.dir/CheckFunctionExists.c.o
/usr/bin/cc    -DCHECK_FUNCTION_EXISTS=pthread_create   -o CMakeFiles/cmTC_caabf.dir/CheckFunctionExists.c.o   -c /usr/local/share/cmake-3.6/Modules/CheckFunctionExists.c
Linking C executable cmTC_caabf
/usr/local/bin/cmake -E cmake_link_script CMakeFiles/cmTC_caabf.dir/link.txt --verbose=1
/usr/bin/cc   -DCHECK_FUNCTION_EXISTS=pthread_create    CMakeFiles/cmTC_caabf.dir/CheckFunctionExists.c.o  -o cmTC_caabf -rdynamic -lpthreads 
/usr/bin/ld: cannot find -lpthreads
collect2: error: ld returned 1 exit status
CMakeFiles/cmTC_caabf.dir/build.make:97: recipe for target 'cmTC_caabf' failed
make[1]: *** [cmTC_caabf] Error 1
make[1]: Leaving directory '/home/robond/catkin_ws/src/wall_follower/CMakeFiles/CMakeTmp'
Makefile:126: recipe for target 'cmTC_caabf/fast' failed
make: *** [cmTC_caabf/fast] Error 2


