Determining if the pthread_create exist failed with the following output:
Change Dir: /home/robond/catkin_ws/src/add_markers/CMakeFiles/CMakeTmp

Run Build Command:"/usr/bin/make" "cmTC_a62dd/fast"
/usr/bin/make -f CMakeFiles/cmTC_a62dd.dir/build.make CMakeFiles/cmTC_a62dd.dir/build
make[1]: Entering directory '/home/robond/catkin_ws/src/add_markers/CMakeFiles/CMakeTmp'
Building C object CMakeFiles/cmTC_a62dd.dir/CheckSymbolExists.c.o
/usr/bin/cc     -o CMakeFiles/cmTC_a62dd.dir/CheckSymbolExists.c.o   -c /home/robond/catkin_ws/src/add_markers/CMakeFiles/CMakeTmp/CheckSymbolExists.c
Linking C executable cmTC_a62dd
/usr/local/bin/cmake -E cmake_link_script CMakeFiles/cmTC_a62dd.dir/link.txt --verbose=1
/usr/bin/cc       CMakeFiles/cmTC_a62dd.dir/CheckSymbolExists.c.o  -o cmTC_a62dd -rdynamic 
CMakeFiles/cmTC_a62dd.dir/CheckSymbolExists.c.o: In function `main':
CheckSymbolExists.c:(.text+0x16): undefined reference to `pthread_create'
collect2: error: ld returned 1 exit status
CMakeFiles/cmTC_a62dd.dir/build.make:97: recipe for target 'cmTC_a62dd' failed
make[1]: *** [cmTC_a62dd] Error 1
make[1]: Leaving directory '/home/robond/catkin_ws/src/add_markers/CMakeFiles/CMakeTmp'
Makefile:126: recipe for target 'cmTC_a62dd/fast' failed
make: *** [cmTC_a62dd/fast] Error 2

File /home/robond/catkin_ws/src/add_markers/CMakeFiles/CMakeTmp/CheckSymbolExists.c:
/* */
#include <pthread.h>

int main(int argc, char** argv)
{
  (void)argv;
#ifndef pthread_create
  return ((int*)(&pthread_create))[argc];
#else
  (void)argc;
  return 0;
#endif
}

Determining if the function pthread_create exists in the pthreads failed with the following output:
Change Dir: /home/robond/catkin_ws/src/add_markers/CMakeFiles/CMakeTmp

Run Build Command:"/usr/bin/make" "cmTC_cb2d9/fast"
/usr/bin/make -f CMakeFiles/cmTC_cb2d9.dir/build.make CMakeFiles/cmTC_cb2d9.dir/build
make[1]: Entering directory '/home/robond/catkin_ws/src/add_markers/CMakeFiles/CMakeTmp'
Building C object CMakeFiles/cmTC_cb2d9.dir/CheckFunctionExists.c.o
/usr/bin/cc    -DCHECK_FUNCTION_EXISTS=pthread_create   -o CMakeFiles/cmTC_cb2d9.dir/CheckFunctionExists.c.o   -c /usr/local/share/cmake-3.6/Modules/CheckFunctionExists.c
Linking C executable cmTC_cb2d9
/usr/local/bin/cmake -E cmake_link_script CMakeFiles/cmTC_cb2d9.dir/link.txt --verbose=1
/usr/bin/cc   -DCHECK_FUNCTION_EXISTS=pthread_create    CMakeFiles/cmTC_cb2d9.dir/CheckFunctionExists.c.o  -o cmTC_cb2d9 -rdynamic -lpthreads 
/usr/bin/ld: cannot find -lpthreads
collect2: error: ld returned 1 exit status
CMakeFiles/cmTC_cb2d9.dir/build.make:97: recipe for target 'cmTC_cb2d9' failed
make[1]: *** [cmTC_cb2d9] Error 1
make[1]: Leaving directory '/home/robond/catkin_ws/src/add_markers/CMakeFiles/CMakeTmp'
Makefile:126: recipe for target 'cmTC_cb2d9/fast' failed
make: *** [cmTC_cb2d9/fast] Error 2


